Using pre-set license
Built from '2021.3/staging' branch; Version is '2021.3.23f1 (213b516bf396) revision 2177873'; Using compiler version '192829333'; Build Type 'Release'
OS: 'Windows 10  (10.0.19045) 64bit CoreSingleLanguage' Language: 'pt' Physical Memory: 14274 MB
BatchMode: 1, IsHumanControllingUs: 0, StartBugReporterOnCrash: 0, Is64bit: 1, IsPro: 1

COMMAND LINE ARGUMENTS:
C:\Program Files\Unity\Hub\Editor\2021.3.23f1\Editor\Unity.exe
-adb2
-batchMode
-noUpm
-name
AssetImportWorker0
-projectPath
C:/Users/Mateu/Área de Trabalho/Projetos/Galaxy Shooter
-logFile
Logs/AssetImportWorker0.log
-srvPort
50342
Successfully changed project path to: C:/Users/Mateu/Área de Trabalho/Projetos/Galaxy Shooter
C:/Users/Mateu/Área de Trabalho/Projetos/Galaxy Shooter
[UnityMemory] Configuration Parameters - Can be set up in boot.config
    "memorysetup-bucket-allocator-granularity=16"
    "memorysetup-bucket-allocator-bucket-count=8"
    "memorysetup-bucket-allocator-block-size=33554432"
    "memorysetup-bucket-allocator-block-count=8"
    "memorysetup-main-allocator-block-size=16777216"
    "memorysetup-thread-allocator-block-size=16777216"
    "memorysetup-gfx-main-allocator-block-size=16777216"
    "memorysetup-gfx-thread-allocator-block-size=16777216"
    "memorysetup-cache-allocator-block-size=4194304"
    "memorysetup-typetree-allocator-block-size=2097152"
    "memorysetup-profiler-bucket-allocator-granularity=16"
    "memorysetup-profiler-bucket-allocator-bucket-count=8"
    "memorysetup-profiler-bucket-allocator-block-size=33554432"
    "memorysetup-profiler-bucket-allocator-block-count=8"
    "memorysetup-profiler-allocator-block-size=16777216"
    "memorysetup-profiler-editor-allocator-block-size=1048576"
    "memorysetup-temp-allocator-size-main=16777216"
    "memorysetup-job-temp-allocator-block-size=2097152"
    "memorysetup-job-temp-allocator-block-size-background=1048576"
    "memorysetup-job-temp-allocator-reduction-small-platforms=262144"
    "memorysetup-temp-allocator-size-background-worker=32768"
    "memorysetup-temp-allocator-size-job-worker=262144"
    "memorysetup-temp-allocator-size-preload-manager=33554432"
    "memorysetup-temp-allocator-size-nav-mesh-worker=65536"
    "memorysetup-temp-allocator-size-audio-worker=65536"
    "memorysetup-temp-allocator-size-cloud-worker=32768"
    "memorysetup-temp-allocator-size-gi-baking-worker=262144"
    "memorysetup-temp-allocator-size-gfx=262144"
Player connection [11556] Host "[IP] 192.168.15.12 [Port] 0 [Flags] 2 [Guid] 669567849 [EditorId] 669567849 [Version] 1048832 [Id] WindowsEditor(7,DESKTOP-23T19NS) [Debug] 1 [PackageName] WindowsEditor [ProjectName] Editor" joined multi-casting on [225.0.0.222:54997]...

Player connection [11556] Host "[IP] 192.168.15.12 [Port] 0 [Flags] 2 [Guid] 669567849 [EditorId] 669567849 [Version] 1048832 [Id] WindowsEditor(7,DESKTOP-23T19NS) [Debug] 1 [PackageName] WindowsEditor [ProjectName] Editor" joined alternative multi-casting on [225.0.0.222:34997]...

Refreshing native plugins compatible for Editor in 9.38 ms, found 0 plugins.
Preloading 0 native plugins for Editor in 0.00 ms.
Initialize engine version: 2021.3.23f1 (213b516bf396)
[Subsystems] Discovering subsystems at path C:/Program Files/Unity/Hub/Editor/2021.3.23f1/Editor/Data/Resources/UnitySubsystems
[Subsystems] Discovering subsystems at path C:/Users/Mateu/Área de Trabalho/Projetos/Galaxy Shooter/Assets
GfxDevice: creating device client; threaded=0; jobified=0
Direct3D:
    Version:  Direct3D 11.0 [level 11.1]
    Renderer: Radeon 540X Series (ID=0x6987)
    Vendor:   ATI
    VRAM:     2029 MB
    Driver:   31.0.21905.1001
Initialize mono
Mono path[0] = 'C:/Program Files/Unity/Hub/Editor/2021.3.23f1/Editor/Data/Managed'
Mono path[1] = 'C:/Program Files/Unity/Hub/Editor/2021.3.23f1/Editor/Data/MonoBleedingEdge/lib/mono/unityjit-win32'
Mono config path = 'C:/Program Files/Unity/Hub/Editor/2021.3.23f1/Editor/Data/MonoBleedingEdge/etc'
Using monoOptions --debugger-agent=transport=dt_socket,embedding=1,server=y,suspend=n,address=127.0.0.1:56652
Begin MonoManager ReloadAssembly
Registering precompiled unity dll's ...
Register platform support module: C:/Program Files/Unity/Hub/Editor/2021.3.23f1/Editor/Data/PlaybackEngines/WebGLSupport/UnityEditor.WebGL.Extensions.dll
Register platform support module: C:/Program Files/Unity/Hub/Editor/2021.3.23f1/Editor/Data/PlaybackEngines/AndroidPlayer/UnityEditor.Android.Extensions.dll
Register platform support module: C:/Program Files/Unity/Hub/Editor/2021.3.23f1/Editor/Data/PlaybackEngines/WindowsStandaloneSupport/UnityEditor.WindowsStandalone.Extensions.dll
Registered in 0.020394 seconds.
Native extension for WindowsStandalone target not found
Native extension for Android target not found
Android Extension - Scanning For ADB Devices 400 ms
Native extension for WebGL target not found
Refreshing native plugins compatible for Editor in 11.14 ms, found 0 plugins.
Preloading 0 native plugins for Editor in 0.00 ms.
Mono: successfully reloaded assembly
- Completed reload, in  1.501 seconds
Domain Reload Profiling:
	ReloadAssembly (1502ms)
		BeginReloadAssembly (179ms)
			ExecutionOrderSort (0ms)
			DisableScriptedObjects (0ms)
			BackupInstance (0ms)
			ReleaseScriptingObjects (0ms)
			CreateAndSetChildDomain (1ms)
		EndReloadAssembly (1115ms)
			LoadAssemblies (173ms)
			RebuildTransferFunctionScriptingTraits (0ms)
			SetupTypeCache (195ms)
			ReleaseScriptCaches (0ms)
			RebuildScriptCaches (42ms)
			SetupLoadedEditorAssemblies (784ms)
				LogAssemblyErrors (0ms)
				InitializePlatformSupportModulesInManaged (524ms)
				SetLoadedEditorAssemblies (0ms)
				RefreshPlugins (11ms)
				BeforeProcessingInitializeOnLoad (2ms)
				ProcessInitializeOnLoadAttributes (171ms)
				ProcessInitializeOnLoadMethodAttributes (76ms)
				AfterProcessingInitializeOnLoad (0ms)
				EditorAssembliesLoaded (0ms)
			ExecutionOrderSort2 (0ms)
			AwakeInstancesAfterBackupRestoration (0ms)
Platform modules already initialized, skipping
Registering precompiled user dll's ...
Registered in 0.000000 seconds.
Begin MonoManager ReloadAssembly
Native extension for WindowsStandalone target not found
Native extension for Android target not found
Native extension for WebGL target not found
Refreshing native plugins compatible for Editor in 0.13 ms, found 0 plugins.
Preloading 0 native plugins for Editor in 0.00 ms.
Mono: successfully reloaded assembly
- Completed reload, in  1.123 seconds
Domain Reload Profiling:
	ReloadAssembly (1125ms)
		BeginReloadAssembly (219ms)
			ExecutionOrderSort (0ms)
			DisableScriptedObjects (9ms)
			BackupInstance (0ms)
			ReleaseScriptingObjects (0ms)
			CreateAndSetChildDomain (32ms)
		EndReloadAssembly (780ms)
			LoadAssemblies (136ms)
			RebuildTransferFunctionScriptingTraits (0ms)
			SetupTypeCache (189ms)
			ReleaseScriptCaches (1ms)
			RebuildScriptCaches (58ms)
			SetupLoadedEditorAssemblies (355ms)
				LogAssemblyErrors (0ms)
				InitializePlatformSupportModulesInManaged (40ms)
				SetLoadedEditorAssemblies (1ms)
				RefreshPlugins (0ms)
				BeforeProcessingInitializeOnLoad (59ms)
				ProcessInitializeOnLoadAttributes (202ms)
				ProcessInitializeOnLoadMethodAttributes (34ms)
				AfterProcessingInitializeOnLoad (19ms)
				EditorAssembliesLoaded (0ms)
			ExecutionOrderSort2 (0ms)
			AwakeInstancesAfterBackupRestoration (11ms)
Platform modules already initialized, skipping
========================================================================
Worker process is ready to serve import requests
Launched and connected shader compiler UnityShaderCompiler.exe after 0.06 seconds
Refreshing native plugins compatible for Editor in 0.14 ms, found 0 plugins.
Preloading 0 native plugins for Editor in 0.00 ms.
Unloading 266 Unused Serialized files (Serialized files now loaded: 0)
Unloading 2 unused Assets / (56.0 KB). Loaded Objects now: 740.
Memory consumption went from 31.3 MB to 31.3 MB.
Total: 3.776900 ms (FindLiveObjects: 0.086600 ms CreateObjectMapping: 0.018400 ms MarkObjects: 3.570600 ms  DeleteObjects: 0.099600 ms)

AssetImportParameters requested are different than current active one (requested -> active):
  custom:video-decoder-ogg-theora: a1e56fd34408186e4bbccfd4996cb3dc -> 
  custom:container-muxer-webm: aa71ff27fc2769a1b78a27578f13a17b -> 
  custom:container-demuxer-webm: 4f35f7cbe854078d1ac9338744f61a02 -> 
  custom:video-encoder-webm-vp8: eb34c28f22e8b96e1ab97ce403110664 -> 
  custom:audio-encoder-webm-vorbis: bf7c407c2cedff20999df2af8eb42d56 -> 
  custom:framework-win-MediaFoundation: 216162199b28c13a410421893ffa2e32 -> 
  custom:container-demuxer-ogg: 62fdf1f143b41e24485cea50d1cbac27 -> 
  custom:video-decoder-webm-vp8: 9c59270c3fd7afecdb556c50c9e8de78 -> 
  custom:audio-decoder-ogg-vorbis: bf7c407c2cedff20999df2af8eb42d56 -> 
========================================================================
Received Import Request.
  Time since last request: 20481.988701 seconds.
  path: Assets/UI Toolkit
  artifactKey: Guid(841cba5b82064ed46801bf657e0ec35a) Importer(815301076,1909f56bfc062723c751e8b465ee728b)
Start importing Assets/UI Toolkit using Guid(841cba5b82064ed46801bf657e0ec35a) Importer(815301076,1909f56bfc062723c751e8b465ee728b)  -> (artifact id: 'e4f93049fa6b1288a1f9d575cde4118e') in 0.016610 seconds 
========================================================================
Received Import Request.
  Time since last request: 0.000028 seconds.
  path: Assets/UI Toolkit/UnityThemes
  artifactKey: Guid(87db1a9895f581c45a955d88e3e3c2a7) Importer(815301076,1909f56bfc062723c751e8b465ee728b)
Start importing Assets/UI Toolkit/UnityThemes using Guid(87db1a9895f581c45a955d88e3e3c2a7) Importer(815301076,1909f56bfc062723c751e8b465ee728b)  -> (artifact id: '8cff89b0643d737b981c37ee578d103f') in 0.017402 seconds 
========================================================================
Received Import Request.
  Time since last request: 17.608849 seconds.
  path: Assets/UI Toolkit/UnityThemes/NewUSSFile.uss
  artifactKey: Guid(3589723f832ea3e4abd7c117988e2671) Importer(815301076,1909f56bfc062723c751e8b465ee728b)
Start importing Assets/UI Toolkit/UnityThemes/NewUSSFile.uss using Guid(3589723f832ea3e4abd7c117988e2671) Importer(815301076,1909f56bfc062723c751e8b465ee728b)  -> (artifact id: '250527e8b1e68e717642cf6f7d0c67bd') in 0.086827 seconds 
========================================================================
Received Import Request.
  Time since last request: 1880.592902 seconds.
  path: Assets/UI Toolkit/GameOver.uxml
  artifactKey: Guid(18ead56976a453941b746aad51d973fb) Importer(815301076,1909f56bfc062723c751e8b465ee728b)
Start importing Assets/UI Toolkit/GameOver.uxml using Guid(18ead56976a453941b746aad51d973fb) Importer(815301076,1909f56bfc062723c751e8b465ee728b)  -> (artifact id: 'b9cf99d25bfd97bdf8ec644487bb35e2') in 0.062338 seconds 
========================================================================
Received Import Request.
  Time since last request: 32.233425 seconds.
  path: Assets/UI Toolkit/MainMenu.uxml
  artifactKey: Guid(1d44ef6778140854e80f5be7ba107723) Importer(815301076,1909f56bfc062723c751e8b465ee728b)
Start importing Assets/UI Toolkit/MainMenu.uxml using Guid(1d44ef6778140854e80f5be7ba107723) Importer(815301076,1909f56bfc062723c751e8b465ee728b)  -> (artifact id: '5679a1c9b4e7f82084e8477c09afbab4') in 0.015087 seconds 
========================================================================
Received Import Request.
  Time since last request: 86.829773 seconds.
  path: Assets/2D Galaxy Assets/Game/Sprites/UI/uxml_Sprites
  artifactKey: Guid(8c4e4019007bb3946a2901227e9d0a5d) Importer(815301076,1909f56bfc062723c751e8b465ee728b)
Start importing Assets/2D Galaxy Assets/Game/Sprites/UI/uxml_Sprites using Guid(8c4e4019007bb3946a2901227e9d0a5d) Importer(815301076,1909f56bfc062723c751e8b465ee728b)  -> (artifact id: 'a77bbef3be11b3bf9281a13be85b07af') in 0.018506 seconds 
========================================================================
Received Import Request.
  Time since last request: 66.566892 seconds.
  path: Assets/UI Toolkit/New.uxml
  artifactKey: Guid(8cf9f0bcfbec8b94e9a3c52b37e5c269) Importer(815301076,1909f56bfc062723c751e8b465ee728b)
Start importing Assets/UI Toolkit/New.uxml using Guid(8cf9f0bcfbec8b94e9a3c52b37e5c269) Importer(815301076,1909f56bfc062723c751e8b465ee728b)  -> (artifact id: '9b2dd8b5ecfea1d3ccb38063d37b7622') in 0.049559 seconds 
========================================================================
Received Import Request.
  Time since last request: 38.676827 seconds.
  path: Assets/UI Toolkit/Vencedor.uxml
  artifactKey: Guid(94b0899e62db9ab4bb3043ed752ab26b) Importer(815301076,1909f56bfc062723c751e8b465ee728b)
Start importing Assets/UI Toolkit/Vencedor.uxml using Guid(94b0899e62db9ab4bb3043ed752ab26b) Importer(815301076,1909f56bfc062723c751e8b465ee728b)  -> (artifact id: 'a49da7a06fbcc6a75f86ee6f7d256767') in 0.014708 seconds 
========================================================================
Received Prepare
Registering precompiled user dll's ...
Registered in 0.000000 seconds.
Begin MonoManager ReloadAssembly
Native extension for WindowsStandalone target not found
Native extension for Android target not found
Native extension for WebGL target not found
Refreshing native plugins compatible for Editor in 0.32 ms, found 0 plugins.
Preloading 0 native plugins for Editor in 0.00 ms.
Mono: successfully reloaded assembly
- Completed reload, in  1.527 seconds
Domain Reload Profiling:
	ReloadAssembly (1528ms)
		BeginReloadAssembly (268ms)
			ExecutionOrderSort (0ms)
			DisableScriptedObjects (15ms)
			BackupInstance (0ms)
			ReleaseScriptingObjects (0ms)
			CreateAndSetChildDomain (48ms)
		EndReloadAssembly (1094ms)
			LoadAssemblies (163ms)
			RebuildTransferFunctionScriptingTraits (0ms)
			SetupTypeCache (267ms)
			ReleaseScriptCaches (1ms)
			RebuildScriptCaches (60ms)
			SetupLoadedEditorAssemblies (510ms)
				LogAssemblyErrors (0ms)
				InitializePlatformSupportModulesInManaged (55ms)
				SetLoadedEditorAssemblies (1ms)
				RefreshPlugins (1ms)
				BeforeProcessingInitializeOnLoad (88ms)
				ProcessInitializeOnLoadAttributes (286ms)
				ProcessInitializeOnLoadMethodAttributes (49ms)
				AfterProcessingInitializeOnLoad (30ms)
				EditorAssembliesLoaded (0ms)
			ExecutionOrderSort2 (0ms)
			AwakeInstancesAfterBackupRestoration (19ms)
Platform modules already initialized, skipping
Refreshing native plugins compatible for Editor in 0.16 ms, found 0 plugins.
Preloading 0 native plugins for Editor in 0.00 ms.
Unloading 260 Unused Serialized files (Serialized files now loaded: 0)
Unloading 0 unused Assets / (24.5 KB). Loaded Objects now: 741.
Memory consumption went from 30.9 MB to 30.9 MB.
Total: 5.229400 ms (FindLiveObjects: 0.095800 ms CreateObjectMapping: 0.017400 ms MarkObjects: 5.101600 ms  DeleteObjects: 0.012900 ms)

AssetImportParameters requested are different than current active one (requested -> active):
  custom:video-decoder-ogg-theora: a1e56fd34408186e4bbccfd4996cb3dc -> 
  custom:container-muxer-webm: aa71ff27fc2769a1b78a27578f13a17b -> 
  custom:container-demuxer-webm: 4f35f7cbe854078d1ac9338744f61a02 -> 
  custom:video-encoder-webm-vp8: eb34c28f22e8b96e1ab97ce403110664 -> 
  custom:audio-encoder-webm-vorbis: bf7c407c2cedff20999df2af8eb42d56 -> 
  custom:framework-win-MediaFoundation: 216162199b28c13a410421893ffa2e32 -> 
  custom:container-demuxer-ogg: 62fdf1f143b41e24485cea50d1cbac27 -> 
  custom:video-decoder-webm-vp8: 9c59270c3fd7afecdb556c50c9e8de78 -> 
  custom:audio-decoder-ogg-vorbis: bf7c407c2cedff20999df2af8eb42d56 -> 
========================================================================
Received Import Request.
  Time since last request: 201.811228 seconds.
  path: Assets/UI Toolkit/button.uss
  artifactKey: Guid(a83b34015a88af5428321baa9f165dca) Importer(815301076,1909f56bfc062723c751e8b465ee728b)
Start importing Assets/UI Toolkit/button.uss using Guid(a83b34015a88af5428321baa9f165dca) Importer(815301076,1909f56bfc062723c751e8b465ee728b)  -> (artifact id: '581908fdc836b4bdd75902b02bad8175') in 0.042379 seconds 
========================================================================
Received Import Request.
  Time since last request: 21.522649 seconds.
  path: Assets/UI Toolkit/Winner 1.uxml
  artifactKey: Guid(bdd8ba649431d1a4d91919fb22561a01) Importer(815301076,1909f56bfc062723c751e8b465ee728b)
Start importing Assets/UI Toolkit/Winner 1.uxml using Guid(bdd8ba649431d1a4d91919fb22561a01) Importer(815301076,1909f56bfc062723c751e8b465ee728b)  -> (artifact id: '28fd458343d56d043a9f7eeb4984992e') in 0.033721 seconds 
========================================================================
Received Import Request.
  Time since last request: 6.090439 seconds.
  path: Assets/UI Toolkit/Winner.uxml
  artifactKey: Guid(2064e7258003a2249bee8f27adb3d491) Importer(815301076,1909f56bfc062723c751e8b465ee728b)
Start importing Assets/UI Toolkit/Winner.uxml using Guid(2064e7258003a2249bee8f27adb3d491) Importer(815301076,1909f56bfc062723c751e8b465ee728b)  -> (artifact id: '43679089b0ffc537464b68452a818b8d') in 0.020735 seconds 
========================================================================
Received Import Request.
  Time since last request: 68.719318 seconds.
  path: Assets/UI Toolkit/Winner.uxml
  artifactKey: Guid(2064e7258003a2249bee8f27adb3d491) Importer(815301076,1909f56bfc062723c751e8b465ee728b)
Start importing Assets/UI Toolkit/Winner.uxml using Guid(2064e7258003a2249bee8f27adb3d491) Importer(815301076,1909f56bfc062723c751e8b465ee728b)  -> (artifact id: '7e071537eb91fa510b4fbbef0b779dbc') in 0.007777 seconds 
========================================================================
Received Import Request.
  Time since last request: 92.960788 seconds.
  path: Assets/UI Toolkit/GameOver.uxml
  artifactKey: Guid(18ead56976a453941b746aad51d973fb) Importer(815301076,1909f56bfc062723c751e8b465ee728b)
Start importing Assets/UI Toolkit/GameOver.uxml using Guid(18ead56976a453941b746aad51d973fb) Importer(815301076,1909f56bfc062723c751e8b465ee728b)  -> (artifact id: 'f6a8d990a23f7756a5a69247db5bda43') in 0.009636 seconds 
========================================================================
Received Import Request.
  Time since last request: 82.078930 seconds.
  path: Assets/UI Toolkit/GameOver.uxml
  artifactKey: Guid(18ead56976a453941b746aad51d973fb) Importer(815301076,1909f56bfc062723c751e8b465ee728b)
Start importing Assets/UI Toolkit/GameOver.uxml using Guid(18ead56976a453941b746aad51d973fb) Importer(815301076,1909f56bfc062723c751e8b465ee728b)  -> (artifact id: '3618f24eeefa25b73f5883db805ebc6f') in 0.008602 seconds 
========================================================================
Received Import Request.
  Time since last request: 53.845120 seconds.
  path: Assets/UI Toolkit/Winner.uxml
  artifactKey: Guid(2064e7258003a2249bee8f27adb3d491) Importer(815301076,1909f56bfc062723c751e8b465ee728b)
Start importing Assets/UI Toolkit/Winner.uxml using Guid(2064e7258003a2249bee8f27adb3d491) Importer(815301076,1909f56bfc062723c751e8b465ee728b)  -> (artifact id: 'b76bf8f5ce6444ec81ddcb852212635e') in 0.007862 seconds 
========================================================================
Received Import Request.
  Time since last request: 13.330832 seconds.
  path: Assets/UI Toolkit/Winner.uxml
  artifactKey: Guid(2064e7258003a2249bee8f27adb3d491) Importer(815301076,1909f56bfc062723c751e8b465ee728b)
Start importing Assets/UI Toolkit/Winner.uxml using Guid(2064e7258003a2249bee8f27adb3d491) Importer(815301076,1909f56bfc062723c751e8b465ee728b)  -> (artifact id: '4174e72cd8e0e38423bfa7ebd58c6a6e') in 0.007191 seconds 
========================================================================
Received Import Request.
  Time since last request: 6.932407 seconds.
  path: Assets/UI Toolkit/Winner.uxml
  artifactKey: Guid(2064e7258003a2249bee8f27adb3d491) Importer(815301076,1909f56bfc062723c751e8b465ee728b)
Start importing Assets/UI Toolkit/Winner.uxml using Guid(2064e7258003a2249bee8f27adb3d491) Importer(815301076,1909f56bfc062723c751e8b465ee728b)  -> (artifact id: 'a93df049d332b7be50ad27ecb2053329') in 0.008857 seconds 
========================================================================
Received Import Request.
  Time since last request: 31.175346 seconds.
  path: Assets/UI Toolkit/Winner.uxml
  artifactKey: Guid(2064e7258003a2249bee8f27adb3d491) Importer(815301076,1909f56bfc062723c751e8b465ee728b)
Start importing Assets/UI Toolkit/Winner.uxml using Guid(2064e7258003a2249bee8f27adb3d491) Importer(815301076,1909f56bfc062723c751e8b465ee728b)  -> (artifact id: '56dd6248e35787694289ca4faf88b9dc') in 0.009236 seconds 
========================================================================
Received Import Request.
  Time since last request: 16.669027 seconds.
  path: Assets/UI Toolkit/Winner.uxml
  artifactKey: Guid(2064e7258003a2249bee8f27adb3d491) Importer(815301076,1909f56bfc062723c751e8b465ee728b)
Start importing Assets/UI Toolkit/Winner.uxml using Guid(2064e7258003a2249bee8f27adb3d491) Importer(815301076,1909f56bfc062723c751e8b465ee728b)  -> (artifact id: 'd5014efe12508d0000fc01bd6b95107c') in 0.008112 seconds 
========================================================================
Received Import Request.
  Time since last request: 77.326432 seconds.
  path: Assets/UI Toolkit/Winner.uxml
  artifactKey: Guid(2064e7258003a2249bee8f27adb3d491) Importer(815301076,1909f56bfc062723c751e8b465ee728b)
Start importing Assets/UI Toolkit/Winner.uxml using Guid(2064e7258003a2249bee8f27adb3d491) Importer(815301076,1909f56bfc062723c751e8b465ee728b)  -> (artifact id: '172c48db3c0b042bb9093eaa315c9c66') in 0.006642 seconds 
========================================================================
Received Prepare
Registering precompiled user dll's ...
Registered in 0.000000 seconds.
Begin MonoManager ReloadAssembly
Native extension for WindowsStandalone target not found
Native extension for Android target not found
Native extension for WebGL target not found
Refreshing native plugins compatible for Editor in 0.14 ms, found 0 plugins.
Preloading 0 native plugins for Editor in 0.00 ms.
Mono: successfully reloaded assembly
- Completed reload, in  1.127 seconds
Domain Reload Profiling:
	ReloadAssembly (1128ms)
		BeginReloadAssembly (209ms)
			ExecutionOrderSort (0ms)
			DisableScriptedObjects (12ms)
			BackupInstance (0ms)
			ReleaseScriptingObjects (0ms)
			CreateAndSetChildDomain (31ms)
		EndReloadAssembly (771ms)
			LoadAssemblies (129ms)
			RebuildTransferFunctionScriptingTraits (0ms)
			SetupTypeCache (207ms)
			ReleaseScriptCaches (0ms)
			RebuildScriptCaches (47ms)
			SetupLoadedEditorAssemblies (349ms)
				LogAssemblyErrors (0ms)
				InitializePlatformSupportModulesInManaged (33ms)
				SetLoadedEditorAssemblies (1ms)
				RefreshPlugins (0ms)
				BeforeProcessingInitializeOnLoad (66ms)
				ProcessInitializeOnLoadAttributes (192ms)
				ProcessInitializeOnLoadMethodAttributes (34ms)
				AfterProcessingInitializeOnLoad (22ms)
				EditorAssembliesLoaded (0ms)
			ExecutionOrderSort2 (0ms)
			AwakeInstancesAfterBackupRestoration (9ms)
Platform modules already initialized, skipping
Refreshing native plugins compatible for Editor in 0.19 ms, found 0 plugins.
Preloading 0 native plugins for Editor in 0.00 ms.
Unloading 260 Unused Serialized files (Serialized files now loaded: 0)
Unloading 0 unused Assets / (24.5 KB). Loaded Objects now: 741.
Memory consumption went from 31.0 MB to 30.9 MB.
Total: 4.494100 ms (FindLiveObjects: 0.080000 ms CreateObjectMapping: 0.013600 ms MarkObjects: 4.383800 ms  DeleteObjects: 0.015100 ms)

AssetImportParameters requested are different than current active one (requested -> active):
  custom:video-decoder-ogg-theora: a1e56fd34408186e4bbccfd4996cb3dc -> 
  custom:container-muxer-webm: aa71ff27fc2769a1b78a27578f13a17b -> 
  custom:container-demuxer-webm: 4f35f7cbe854078d1ac9338744f61a02 -> 
  custom:video-encoder-webm-vp8: eb34c28f22e8b96e1ab97ce403110664 -> 
  custom:audio-encoder-webm-vorbis: bf7c407c2cedff20999df2af8eb42d56 -> 
  custom:framework-win-MediaFoundation: 216162199b28c13a410421893ffa2e32 -> 
  custom:container-demuxer-ogg: 62fdf1f143b41e24485cea50d1cbac27 -> 
  custom:video-decoder-webm-vp8: 9c59270c3fd7afecdb556c50c9e8de78 -> 
  custom:audio-decoder-ogg-vorbis: bf7c407c2cedff20999df2af8eb42d56 -> 
